08-Jun-2023 02:12:13 INFO - Neither @ContextConfiguration nor @ContextHierarchy found for test class [com.mysqldatamigration.MysqlDataMigrationApplicationTests], using SpringBootContextLoader
08-Jun-2023 02:12:13 INFO - Could not detect default resource locations for test class [com.mysqldatamigration.MysqlDataMigrationApplicationTests]: no resource found for suffixes {-context.xml, Context.groovy}.
08-Jun-2023 02:12:13 INFO - Could not detect default configuration classes for test class [com.mysqldatamigration.MysqlDataMigrationApplicationTests]: MysqlDataMigrationApplicationTests does not declare any static, non-private, non-final, nested classes annotated with @Configuration.
08-Jun-2023 02:12:13 INFO - Found @SpringBootConfiguration com.mysqldatamigration.MysqlDataMigrationApplication for test class com.mysqldatamigration.MysqlDataMigrationApplicationTests
08-Jun-2023 02:12:13 INFO - Loaded default TestExecutionListener class names from location [META-INF/spring.factories]: [org.springframework.boot.test.mock.mockito.MockitoTestExecutionListener, org.springframework.boot.test.mock.mockito.ResetMocksTestExecutionListener, org.springframework.boot.test.autoconfigure.restdocs.RestDocsTestExecutionListener, org.springframework.boot.test.autoconfigure.web.client.MockRestServiceServerResetTestExecutionListener, org.springframework.boot.test.autoconfigure.web.servlet.MockMvcPrintOnlyOnFailureTestExecutionListener, org.springframework.boot.test.autoconfigure.web.servlet.WebDriverTestExecutionListener, org.springframework.boot.test.autoconfigure.webservices.client.MockWebServiceServerTestExecutionListener, org.springframework.test.context.web.ServletTestExecutionListener, org.springframework.test.context.support.DirtiesContextBeforeModesTestExecutionListener, org.springframework.test.context.event.ApplicationEventsTestExecutionListener, org.springframework.test.context.support.DependencyInjectionTestExecutionListener, org.springframework.test.context.support.DirtiesContextTestExecutionListener, org.springframework.test.context.transaction.TransactionalTestExecutionListener, org.springframework.test.context.jdbc.SqlScriptsTestExecutionListener, org.springframework.test.context.event.EventPublishingTestExecutionListener]
08-Jun-2023 02:12:13 INFO - Using TestExecutionListeners: [org.springframework.test.context.web.ServletTestExecutionListener@65a15628, org.springframework.test.context.support.DirtiesContextBeforeModesTestExecutionListener@2e6a5539, org.springframework.test.context.event.ApplicationEventsTestExecutionListener@3fc9504b, org.springframework.boot.test.mock.mockito.MockitoTestExecutionListener@6d025197, org.springframework.boot.test.autoconfigure.SpringBootDependencyInjectionTestExecutionListener@27d4a09, org.springframework.test.context.support.DirtiesContextTestExecutionListener@7e4204e2, org.springframework.test.context.event.EventPublishingTestExecutionListener@b7c4869, org.springframework.boot.test.mock.mockito.ResetMocksTestExecutionListener@740d2e78, org.springframework.boot.test.autoconfigure.restdocs.RestDocsTestExecutionListener@1c481ff2, org.springframework.boot.test.autoconfigure.web.client.MockRestServiceServerResetTestExecutionListener@72437d8d, org.springframework.boot.test.autoconfigure.web.servlet.MockMvcPrintOnlyOnFailureTestExecutionListener@1b955cac, org.springframework.boot.test.autoconfigure.web.servlet.WebDriverTestExecutionListener@676cf48, org.springframework.boot.test.autoconfigure.webservices.client.MockWebServiceServerTestExecutionListener@5a1de7fb]
08-Jun-2023 02:12:13 INFO - Starting MysqlDataMigrationApplicationTests using Java 1.8.0_292 on Joses-MacBook-Pro.local with PID 12843 (started by luigi10 in /Users/luigi10/Documents/SpringBoot/mysql-data-migration)
08-Jun-2023 02:12:13 INFO - No active profile set, falling back to 1 default profile: "default"
08-Jun-2023 02:12:16 INFO - Started MysqlDataMigrationApplicationTests in 2.666 seconds (JVM running for 4.43)
08-Jun-2023 02:12:39 INFO - Starting MysqlDataMigrationApplication using Java 1.8.0_292 on Joses-MacBook-Pro.local with PID 12880 (/Users/luigi10/Documents/SpringBoot/mysql-data-migration/target/classes started by luigi10 in /Users/luigi10/Documents/SpringBoot/mysql-data-migration)
08-Jun-2023 02:12:39 INFO - No active profile set, falling back to 1 default profile: "default"
08-Jun-2023 02:12:39 INFO - Devtools property defaults active! Set 'spring.devtools.add-properties' to 'false' to disable
08-Jun-2023 02:12:39 INFO - For additional web related logging consider setting the 'logging.level.web' property to 'DEBUG'
08-Jun-2023 02:12:40 INFO - Tomcat initialized with port(s): 8080 (http)
08-Jun-2023 02:12:40 INFO - Initializing ProtocolHandler ["http-nio-8080"]
08-Jun-2023 02:12:40 INFO - Starting service [Tomcat]
08-Jun-2023 02:12:40 INFO - Starting Servlet engine: [Apache Tomcat/9.0.75]
08-Jun-2023 02:12:40 INFO - Initializing Spring embedded WebApplicationContext
08-Jun-2023 02:12:40 INFO - Root WebApplicationContext: initialization completed in 923 ms
08-Jun-2023 02:12:40 INFO - LiveReload server is running on port 35729
08-Jun-2023 02:12:40 INFO - Starting ProtocolHandler ["http-nio-8080"]
08-Jun-2023 02:12:40 INFO - Tomcat started on port(s): 8080 (http) with context path ''
08-Jun-2023 02:12:40 INFO - Started MysqlDataMigrationApplication in 1.869 seconds (JVM running for 2.698)
08-Jun-2023 02:13:03 INFO - Application shutdown requested.
08-Jun-2023 02:13:03 INFO - Pausing ProtocolHandler ["http-nio-8080"]
08-Jun-2023 02:13:03 INFO - Stopping service [Tomcat]
08-Jun-2023 02:13:03 INFO - Stopping ProtocolHandler ["http-nio-8080"]
08-Jun-2023 02:13:03 INFO - Destroying ProtocolHandler ["http-nio-8080"]
08-Jun-2023 02:13:17 INFO - Starting MysqlDataMigrationApplication using Java 1.8.0_292 on Joses-MacBook-Pro.local with PID 12924 (/Users/luigi10/Documents/SpringBoot/mysql-data-migration/target/classes started by luigi10 in /Users/luigi10/Documents/SpringBoot/mysql-data-migration)
08-Jun-2023 02:13:17 INFO - No active profile set, falling back to 1 default profile: "default"
08-Jun-2023 02:13:17 INFO - Devtools property defaults active! Set 'spring.devtools.add-properties' to 'false' to disable
08-Jun-2023 02:13:17 INFO - For additional web related logging consider setting the 'logging.level.web' property to 'DEBUG'
08-Jun-2023 02:13:18 INFO - Tomcat initialized with port(s): 8080 (http)
08-Jun-2023 02:13:18 INFO - Initializing ProtocolHandler ["http-nio-8080"]
08-Jun-2023 02:13:18 INFO - Starting service [Tomcat]
08-Jun-2023 02:13:18 INFO - Starting Servlet engine: [Apache Tomcat/9.0.75]
08-Jun-2023 02:13:18 INFO - Initializing Spring embedded WebApplicationContext
08-Jun-2023 02:13:18 INFO - Root WebApplicationContext: initialization completed in 763 ms
08-Jun-2023 02:13:18 INFO - LiveReload server is running on port 35729
08-Jun-2023 02:13:18 INFO - Starting ProtocolHandler ["http-nio-8080"]
08-Jun-2023 02:13:18 INFO - Tomcat started on port(s): 8080 (http) with context path ''
08-Jun-2023 02:13:18 INFO - Started MysqlDataMigrationApplication in 1.416 seconds (JVM running for 2.245)
08-Jun-2023 02:13:32 INFO - Application shutdown requested.
08-Jun-2023 02:13:32 INFO - Pausing ProtocolHandler ["http-nio-8080"]
08-Jun-2023 02:13:32 INFO - Stopping service [Tomcat]
08-Jun-2023 02:13:32 INFO - Stopping ProtocolHandler ["http-nio-8080"]
08-Jun-2023 02:13:32 INFO - Destroying ProtocolHandler ["http-nio-8080"]
